[10-Dec-2025 20:13:58 UTC] PHP Fatal error:  Uncaught Error: Class "Mrs\tools\Config" not found in C:\Users\Vespertino\Documents\DAW2_Marcos\DesarrolloServidor\DWES\cls\public\index.php:12
Stack trace:
#0 {main}
  thrown in C:\Users\Vespertino\Documents\DAW2_Marcos\DesarrolloServidor\DWES\cls\public\index.php on line 12
[10-Dec-2025 20:16:21 UTC] PHP Fatal error:  Uncaught Error: Class "Mrs\tools\Config" not found in C:\Users\Vespertino\Documents\DAW2_Marcos\DesarrolloServidor\DWES\cls\public\index.php:12
Stack trace:
#0 {main}
  thrown in C:\Users\Vespertino\Documents\DAW2_Marcos\DesarrolloServidor\DWES\cls\public\index.php on line 12
[10-Dec-2025 20:18:02 UTC] PHP Fatal error:  Uncaught Error: Class "Mrs\tools\Config" not found in C:\Users\Vespertino\Documents\DAW2_Marcos\DesarrolloServidor\DWES\cls\public\index.php:12
Stack trace:
#0 {main}
  thrown in C:\Users\Vespertino\Documents\DAW2_Marcos\DesarrolloServidor\DWES\cls\public\index.php on line 12
[10-Dec-2025 20:31:00 UTC] Xdebug: [Step Debug] Time-out connecting to debugging client, waited: 200 ms. Tried: localhost:9003 (through xdebug.client_host/xdebug.client_port).
[10-Dec-2025 20:31:00 UTC] PHP Fatal error:  Uncaught Error: Class "Mrs\tools\Config" not found in C:\Users\Vespertino\Documents\DAW2_Marcos\DesarrolloServidor\DWES\cls\public\index.php:12
Stack trace:
#0 {main}
  thrown in C:\Users\Vespertino\Documents\DAW2_Marcos\DesarrolloServidor\DWES\cls\public\index.php on line 12
[10-Dec-2025 20:32:01 UTC] Xdebug: [Step Debug] Time-out connecting to debugging client, waited: 200 ms. Tried: localhost:9003 (through xdebug.client_host/xdebug.client_port).
[10-Dec-2025 20:32:18 UTC] Xdebug: [Step Debug] Time-out connecting to debugging client, waited: 200 ms. Tried: localhost:9003 (through xdebug.client_host/xdebug.client_port).
[10-Dec-2025 20:32:18 UTC] PHP Warning:  Undefined array key "mysql" in C:\Users\Vespertino\Documents\DAW2_Marcos\DesarrolloServidor\DWES\cls\tools\Config.php on line 40
[10-Dec-2025 20:32:18 UTC] PHP Warning:  Undefined array key "localhost" in C:\Users\Vespertino\Documents\DAW2_Marcos\DesarrolloServidor\DWES\cls\tools\Config.php on line 40
[10-Dec-2025 20:32:18 UTC] PHP Warning:  Undefined array key "dwes" in C:\Users\Vespertino\Documents\DAW2_Marcos\DesarrolloServidor\DWES\cls\tools\Config.php on line 40
[10-Dec-2025 20:32:18 UTC] PHP Warning:  Undefined array key 4000 in C:\Users\Vespertino\Documents\DAW2_Marcos\DesarrolloServidor\DWES\cls\tools\Config.php on line 40
[10-Dec-2025 20:32:18 UTC] PHP Warning:  Undefined array key "root" in C:\Users\Vespertino\Documents\DAW2_Marcos\DesarrolloServidor\DWES\cls\tools\Config.php on line 40
[10-Dec-2025 20:32:18 UTC] PHP Warning:  Undefined array key "rpwd" in C:\Users\Vespertino\Documents\DAW2_Marcos\DesarrolloServidor\DWES\cls\tools\Config.php on line 40
[10-Dec-2025 20:32:18 UTC] PHP Fatal error:  Uncaught Error: Class "Mrs\tools\PDO" not found in C:\Users\Vespertino\Documents\DAW2_Marcos\DesarrolloServidor\DWES\cls\tools\Conexion.php:54
Stack trace:
#0 C:\Users\Vespertino\Documents\DAW2_Marcos\DesarrolloServidor\DWES\cls\public\index.php(37): Mrs\tools\Conexion::getConexion()
#1 {main}
  thrown in C:\Users\Vespertino\Documents\DAW2_Marcos\DesarrolloServidor\DWES\cls\tools\Conexion.php on line 54
[10-Dec-2025 20:33:47 UTC] Xdebug: [Step Debug] Time-out connecting to debugging client, waited: 200 ms. Tried: localhost:9003 (through xdebug.client_host/xdebug.client_port).
[10-Dec-2025 20:33:47 UTC] PHP Warning:  Undefined array key "mysql" in C:\Users\Vespertino\Documents\DAW2_Marcos\DesarrolloServidor\DWES\cls\tools\Config.php on line 40
[10-Dec-2025 20:33:47 UTC] PHP Warning:  Undefined array key "localhost" in C:\Users\Vespertino\Documents\DAW2_Marcos\DesarrolloServidor\DWES\cls\tools\Config.php on line 40
[10-Dec-2025 20:33:47 UTC] PHP Warning:  Undefined array key "dwes" in C:\Users\Vespertino\Documents\DAW2_Marcos\DesarrolloServidor\DWES\cls\tools\Config.php on line 40
[10-Dec-2025 20:33:47 UTC] PHP Warning:  Undefined array key 4000 in C:\Users\Vespertino\Documents\DAW2_Marcos\DesarrolloServidor\DWES\cls\tools\Config.php on line 40
[10-Dec-2025 20:33:47 UTC] PHP Warning:  Undefined array key "root" in C:\Users\Vespertino\Documents\DAW2_Marcos\DesarrolloServidor\DWES\cls\tools\Config.php on line 40
[10-Dec-2025 20:33:47 UTC] PHP Warning:  Undefined array key "rpwd" in C:\Users\Vespertino\Documents\DAW2_Marcos\DesarrolloServidor\DWES\cls\tools\Config.php on line 40
[10-Dec-2025 20:33:47 UTC] PHP Fatal error:  Uncaught Error: Class "Mrs\tools\PDO" not found in C:\Users\Vespertino\Documents\DAW2_Marcos\DesarrolloServidor\DWES\cls\tools\Conexion.php:54
Stack trace:
#0 C:\Users\Vespertino\Documents\DAW2_Marcos\DesarrolloServidor\DWES\cls\public\index.php(37): Mrs\tools\Conexion::getConexion()
#1 {main}
  thrown in C:\Users\Vespertino\Documents\DAW2_Marcos\DesarrolloServidor\DWES\cls\tools\Conexion.php on line 54
[10-Dec-2025 20:34:34 UTC] PHP Warning:  Undefined array key "mysql" in C:\Users\Vespertino\Documents\DAW2_Marcos\DesarrolloServidor\DWES\cls\tools\Config.php on line 40
[10-Dec-2025 20:34:36 UTC] PHP Warning:  Undefined array key "localhost" in C:\Users\Vespertino\Documents\DAW2_Marcos\DesarrolloServidor\DWES\cls\tools\Config.php on line 40
[10-Dec-2025 20:34:38 UTC] PHP Warning:  Undefined array key "dwes" in C:\Users\Vespertino\Documents\DAW2_Marcos\DesarrolloServidor\DWES\cls\tools\Config.php on line 40
[10-Dec-2025 20:34:39 UTC] PHP Warning:  Undefined array key 4000 in C:\Users\Vespertino\Documents\DAW2_Marcos\DesarrolloServidor\DWES\cls\tools\Config.php on line 40
[10-Dec-2025 20:34:40 UTC] PHP Warning:  Undefined array key "root" in C:\Users\Vespertino\Documents\DAW2_Marcos\DesarrolloServidor\DWES\cls\tools\Config.php on line 40
[10-Dec-2025 20:34:41 UTC] PHP Warning:  Undefined array key "rpwd" in C:\Users\Vespertino\Documents\DAW2_Marcos\DesarrolloServidor\DWES\cls\tools\Config.php on line 40
[10-Dec-2025 20:34:45 UTC] PHP Fatal error:  Uncaught Error: Class "Mrs\tools\PDO" not found in C:\Users\Vespertino\Documents\DAW2_Marcos\DesarrolloServidor\DWES\cls\tools\Conexion.php:54
Stack trace:
#0 C:\Users\Vespertino\Documents\DAW2_Marcos\DesarrolloServidor\DWES\cls\public\index.php(37): Mrs\tools\Conexion::getConexion()
#1 {main}
  thrown in C:\Users\Vespertino\Documents\DAW2_Marcos\DesarrolloServidor\DWES\cls\tools\Conexion.php on line 54
[10-Dec-2025 20:35:19 UTC] PHP Warning:  Undefined array key "mysql" in C:\Users\Vespertino\Documents\DAW2_Marcos\DesarrolloServidor\DWES\cls\tools\Config.php on line 40
[10-Dec-2025 20:35:19 UTC] PHP Warning:  Undefined array key "localhost" in C:\Users\Vespertino\Documents\DAW2_Marcos\DesarrolloServidor\DWES\cls\tools\Config.php on line 40
[10-Dec-2025 20:35:19 UTC] PHP Warning:  Undefined array key "dwes" in C:\Users\Vespertino\Documents\DAW2_Marcos\DesarrolloServidor\DWES\cls\tools\Config.php on line 40
[10-Dec-2025 20:35:19 UTC] PHP Warning:  Undefined array key 4000 in C:\Users\Vespertino\Documents\DAW2_Marcos\DesarrolloServidor\DWES\cls\tools\Config.php on line 40
[10-Dec-2025 20:35:19 UTC] PHP Warning:  Undefined array key "root" in C:\Users\Vespertino\Documents\DAW2_Marcos\DesarrolloServidor\DWES\cls\tools\Config.php on line 40
[10-Dec-2025 20:35:19 UTC] PHP Warning:  Undefined array key "rpwd" in C:\Users\Vespertino\Documents\DAW2_Marcos\DesarrolloServidor\DWES\cls\tools\Config.php on line 40
[10-Dec-2025 20:35:28 UTC] PHP Warning:  Undefined array key "mysql" in C:\Users\Vespertino\Documents\DAW2_Marcos\DesarrolloServidor\DWES\cls\tools\Config.php on line 40
[10-Dec-2025 20:35:28 UTC] PHP Warning:  Undefined array key "localhost" in C:\Users\Vespertino\Documents\DAW2_Marcos\DesarrolloServidor\DWES\cls\tools\Config.php on line 40
[10-Dec-2025 20:35:28 UTC] PHP Warning:  Undefined array key "dwes" in C:\Users\Vespertino\Documents\DAW2_Marcos\DesarrolloServidor\DWES\cls\tools\Config.php on line 40
[10-Dec-2025 20:35:28 UTC] PHP Warning:  Undefined array key 4000 in C:\Users\Vespertino\Documents\DAW2_Marcos\DesarrolloServidor\DWES\cls\tools\Config.php on line 40
[10-Dec-2025 20:35:28 UTC] PHP Warning:  Undefined array key "root" in C:\Users\Vespertino\Documents\DAW2_Marcos\DesarrolloServidor\DWES\cls\tools\Config.php on line 40
[10-Dec-2025 20:35:28 UTC] PHP Warning:  Undefined array key "rpwd" in C:\Users\Vespertino\Documents\DAW2_Marcos\DesarrolloServidor\DWES\cls\tools\Config.php on line 40
[10-Dec-2025 20:36:49 UTC] PHP Warning:  Undefined array key "mysql" in C:\Users\Vespertino\Documents\DAW2_Marcos\DesarrolloServidor\DWES\cls\tools\Config.php on line 40
[10-Dec-2025 20:36:49 UTC] PHP Warning:  Undefined array key "localhost" in C:\Users\Vespertino\Documents\DAW2_Marcos\DesarrolloServidor\DWES\cls\tools\Config.php on line 40
[10-Dec-2025 20:36:49 UTC] PHP Warning:  Undefined array key "dwes" in C:\Users\Vespertino\Documents\DAW2_Marcos\DesarrolloServidor\DWES\cls\tools\Config.php on line 40
[10-Dec-2025 20:36:49 UTC] PHP Warning:  Undefined array key 4000 in C:\Users\Vespertino\Documents\DAW2_Marcos\DesarrolloServidor\DWES\cls\tools\Config.php on line 40
[10-Dec-2025 20:36:49 UTC] PHP Warning:  Undefined array key "root" in C:\Users\Vespertino\Documents\DAW2_Marcos\DesarrolloServidor\DWES\cls\tools\Config.php on line 40
[10-Dec-2025 20:36:49 UTC] PHP Warning:  Undefined array key "rpwd" in C:\Users\Vespertino\Documents\DAW2_Marcos\DesarrolloServidor\DWES\cls\tools\Config.php on line 40
[10-Dec-2025 20:41:16 UTC] PHP Fatal error:  Uncaught Error: Class "Mrs\tools\Usuario" not found in C:\Users\Vespertino\Documents\DAW2_Marcos\DesarrolloServidor\DWES\cls\public\index.php:38
Stack trace:
#0 {main}
  thrown in C:\Users\Vespertino\Documents\DAW2_Marcos\DesarrolloServidor\DWES\cls\public\index.php on line 38
