[22-Oct-2025 19:34:00 UTC] PHP Warning:  require_once(./Acciones.php): Failed to open stream: No such file or directory in C:\Users\Vespertino\Documents\DAW2_Marcos\DesarrolloServidor\DWES\UD2_AC4_Trabajando con formularios\php\jugarVideojuego.php on line 3
[22-Oct-2025 19:34:00 UTC] PHP Fatal error:  Uncaught Error: Failed opening required './Acciones.php' (include_path='.;C:\php\pear') in C:\Users\Vespertino\Documents\DAW2_Marcos\DesarrolloServidor\DWES\UD2_AC4_Trabajando con formularios\php\jugarVideojuego.php:3
Stack trace:
#0 C:\Users\Vespertino\Documents\DAW2_Marcos\DesarrolloServidor\DWES\UD2_AC4_Trabajando con formularios\index.php(2): require_once()
#1 {main}
  thrown in C:\Users\Vespertino\Documents\DAW2_Marcos\DesarrolloServidor\DWES\UD2_AC4_Trabajando con formularios\php\jugarVideojuego.php on line 3
[22-Oct-2025 19:37:17 UTC] PHP Warning:  require_once(../php/Acciones.php): Failed to open stream: No such file or directory in C:\Users\Vespertino\Documents\DAW2_Marcos\DesarrolloServidor\DWES\UD2_AC4_Trabajando con formularios\php\jugarVideojuego.php on line 4
[22-Oct-2025 19:37:17 UTC] PHP Fatal error:  Uncaught Error: Failed opening required '../php/Acciones.php' (include_path='.;C:\php\pear') in C:\Users\Vespertino\Documents\DAW2_Marcos\DesarrolloServidor\DWES\UD2_AC4_Trabajando con formularios\php\jugarVideojuego.php:4
Stack trace:
#0 C:\Users\Vespertino\Documents\DAW2_Marcos\DesarrolloServidor\DWES\UD2_AC4_Trabajando con formularios\index.php(2): require_once()
#1 {main}
  thrown in C:\Users\Vespertino\Documents\DAW2_Marcos\DesarrolloServidor\DWES\UD2_AC4_Trabajando con formularios\php\jugarVideojuego.php on line 4
[22-Oct-2025 19:39:53 UTC] PHP Warning:  require_once(../php/Acciones.php): Failed to open stream: No such file or directory in C:\Users\Vespertino\Documents\DAW2_Marcos\DesarrolloServidor\DWES\UD2_AC4_Trabajando_con_formularios\php\jugarVideojuego.php on line 4
[22-Oct-2025 19:39:53 UTC] PHP Fatal error:  Uncaught Error: Failed opening required '../php/Acciones.php' (include_path='.;C:\php\pear') in C:\Users\Vespertino\Documents\DAW2_Marcos\DesarrolloServidor\DWES\UD2_AC4_Trabajando_con_formularios\php\jugarVideojuego.php:4
Stack trace:
#0 C:\Users\Vespertino\Documents\DAW2_Marcos\DesarrolloServidor\DWES\UD2_AC4_Trabajando_con_formularios\index.php(2): require_once()
#1 {main}
  thrown in C:\Users\Vespertino\Documents\DAW2_Marcos\DesarrolloServidor\DWES\UD2_AC4_Trabajando_con_formularios\php\jugarVideojuego.php on line 4
[22-Oct-2025 19:40:23 UTC] PHP Warning:  require_once(./Acciones.php): Failed to open stream: No such file or directory in C:\Users\Vespertino\Documents\DAW2_Marcos\DesarrolloServidor\DWES\UD2_AC4_Trabajando_con_formularios\php\jugarVideojuego.php on line 4
[22-Oct-2025 19:40:23 UTC] PHP Fatal error:  Uncaught Error: Failed opening required './Acciones.php' (include_path='.;C:\php\pear') in C:\Users\Vespertino\Documents\DAW2_Marcos\DesarrolloServidor\DWES\UD2_AC4_Trabajando_con_formularios\php\jugarVideojuego.php:4
Stack trace:
#0 C:\Users\Vespertino\Documents\DAW2_Marcos\DesarrolloServidor\DWES\UD2_AC4_Trabajando_con_formularios\index.php(2): require_once()
#1 {main}
  thrown in C:\Users\Vespertino\Documents\DAW2_Marcos\DesarrolloServidor\DWES\UD2_AC4_Trabajando_con_formularios\php\jugarVideojuego.php on line 4
[22-Oct-2025 19:40:51 UTC] PHP Fatal error:  Uncaught Error: Access to undeclared static property jugarVideojuegos::$extras in C:\Users\Vespertino\Documents\DAW2_Marcos\DesarrolloServidor\DWES\UD2_AC4_Trabajando_con_formularios\php\jugarVideojuego.php:83
Stack trace:
#0 C:\Users\Vespertino\Documents\DAW2_Marcos\DesarrolloServidor\DWES\UD2_AC4_Trabajando_con_formularios\index.php(31): jugarVideojuegos->__get()
#1 {main}
  thrown in C:\Users\Vespertino\Documents\DAW2_Marcos\DesarrolloServidor\DWES\UD2_AC4_Trabajando_con_formularios\php\jugarVideojuego.php on line 83
[22-Oct-2025 19:42:33 UTC] PHP Fatal error:  Uncaught Error: Access to undeclared static property jugarVideojuegos::$extras in C:\Users\Vespertino\Documents\DAW2_Marcos\DesarrolloServidor\DWES\UD2_AC4_Trabajando_con_formularios\php\jugarVideojuego.php:82
Stack trace:
#0 C:\Users\Vespertino\Documents\DAW2_Marcos\DesarrolloServidor\DWES\UD2_AC4_Trabajando_con_formularios\index.php(31): jugarVideojuegos->__get()
#1 {main}
  thrown in C:\Users\Vespertino\Documents\DAW2_Marcos\DesarrolloServidor\DWES\UD2_AC4_Trabajando_con_formularios\php\jugarVideojuego.php on line 82
[22-Oct-2025 19:43:14 UTC] PHP Fatal error:  Uncaught Error: Undefined constant "IVA" in C:\Users\Vespertino\Documents\DAW2_Marcos\DesarrolloServidor\DWES\UD2_AC4_Trabajando_con_formularios\index.php:31
Stack trace:
#0 {main}
  thrown in C:\Users\Vespertino\Documents\DAW2_Marcos\DesarrolloServidor\DWES\UD2_AC4_Trabajando_con_formularios\index.php on line 31
[22-Oct-2025 19:43:35 UTC] PHP Fatal error:  Uncaught Error: Access to undeclared static property jugarVideojuegos::$extras in C:\Users\Vespertino\Documents\DAW2_Marcos\DesarrolloServidor\DWES\UD2_AC4_Trabajando_con_formularios\php\jugarVideojuego.php:82
Stack trace:
#0 C:\Users\Vespertino\Documents\DAW2_Marcos\DesarrolloServidor\DWES\UD2_AC4_Trabajando_con_formularios\index.php(32): jugarVideojuegos->__get()
#1 {main}
  thrown in C:\Users\Vespertino\Documents\DAW2_Marcos\DesarrolloServidor\DWES\UD2_AC4_Trabajando_con_formularios\php\jugarVideojuego.php on line 82
