[14-Oct-2025 15:39:40 UTC] PHP Notice:  Propiedad indefinida: jugarVideojuegos::$disposed in C:\Users\Vespertino\Documents\DAW2_Marcos\DesarrolloServidor\DWES\UD2_AC3_Trabajandoconclases\jugarVideojuego.php on line 93
[14-Oct-2025 15:39:40 UTC] PHP Fatal error:  Uncaught LogicException: Atributo no permitido: disposed in C:\Users\Vespertino\Documents\DAW2_Marcos\DesarrolloServidor\DWES\UD2_AC3_Trabajandoconclases\jugarVideojuego.php:110
Stack trace:
#0 C:\Users\Vespertino\Documents\DAW2_Marcos\DesarrolloServidor\DWES\UD2_AC3_Trabajandoconclases\jugarVideojuego.php(217): jugarVideojuegos->__set()
#1 C:\Users\Vespertino\Documents\DAW2_Marcos\DesarrolloServidor\DWES\UD2_AC3_Trabajandoconclases\main.php(20): jugarVideojuegos->destroy()
#2 {main}
  thrown in C:\Users\Vespertino\Documents\DAW2_Marcos\DesarrolloServidor\DWES\UD2_AC3_Trabajandoconclases\jugarVideojuego.php on line 110
[14-Oct-2025 16:23:15 UTC] PHP Fatal error:  Uncaught Error: Cannot access private property jugarVideojuegos::$totalJuegosCreados in C:\Users\Vespertino\Documents\DAW2_Marcos\DesarrolloServidor\DWES\UD2_AC3_Trabajandoconclases\main.php:29
Stack trace:
#0 {main}
  thrown in C:\Users\Vespertino\Documents\DAW2_Marcos\DesarrolloServidor\DWES\UD2_AC3_Trabajandoconclases\main.php on line 29
[14-Oct-2025 16:24:33 UTC] PHP Notice:  Propiedad indefinida: jugarVideojuegos::$IVA in C:\Users\Vespertino\Documents\DAW2_Marcos\DesarrolloServidor\DWES\UD2_AC3_Trabajandoconclases\jugarVideojuego.php on line 97
[14-Oct-2025 16:24:33 UTC] PHP Warning:  Undefined variable $totalJuegosCreados in C:\Users\Vespertino\Documents\DAW2_Marcos\DesarrolloServidor\DWES\UD2_AC3_Trabajandoconclases\main.php on line 30
[14-Oct-2025 16:24:33 UTC] PHP Notice:  Propiedad indefinida: jugarVideojuegos::$ in C:\Users\Vespertino\Documents\DAW2_Marcos\DesarrolloServidor\DWES\UD2_AC3_Trabajandoconclases\jugarVideojuego.php on line 97
[14-Oct-2025 16:24:33 UTC] PHP Warning:  Undefined variable $totalJuegosCreados in C:\Users\Vespertino\Documents\DAW2_Marcos\DesarrolloServidor\DWES\UD2_AC3_Trabajandoconclases\main.php on line 32
[14-Oct-2025 16:24:33 UTC] PHP Fatal error:  Uncaught LogicException: Atributo no permitido:  in C:\Users\Vespertino\Documents\DAW2_Marcos\DesarrolloServidor\DWES\UD2_AC3_Trabajandoconclases\jugarVideojuego.php:114
Stack trace:
#0 C:\Users\Vespertino\Documents\DAW2_Marcos\DesarrolloServidor\DWES\UD2_AC3_Trabajandoconclases\main.php(32): jugarVideojuegos->__set()
#1 {main}
  thrown in C:\Users\Vespertino\Documents\DAW2_Marcos\DesarrolloServidor\DWES\UD2_AC3_Trabajandoconclases\jugarVideojuego.php on line 114
[14-Oct-2025 16:25:09 UTC] PHP Notice:  Propiedad indefinida: jugarVideojuegos::$totalJuegosCreados in C:\Users\Vespertino\Documents\DAW2_Marcos\DesarrolloServidor\DWES\UD2_AC3_Trabajandoconclases\jugarVideojuego.php on line 97
[14-Oct-2025 16:25:09 UTC] PHP Warning:  Undefined variable $totalJuegosCreados in C:\Users\Vespertino\Documents\DAW2_Marcos\DesarrolloServidor\DWES\UD2_AC3_Trabajandoconclases\main.php on line 32
[14-Oct-2025 16:25:09 UTC] PHP Fatal error:  Uncaught LogicException: Atributo no permitido:  in C:\Users\Vespertino\Documents\DAW2_Marcos\DesarrolloServidor\DWES\UD2_AC3_Trabajandoconclases\jugarVideojuego.php:114
Stack trace:
#0 C:\Users\Vespertino\Documents\DAW2_Marcos\DesarrolloServidor\DWES\UD2_AC3_Trabajandoconclases\main.php(32): jugarVideojuegos->__set()
#1 {main}
  thrown in C:\Users\Vespertino\Documents\DAW2_Marcos\DesarrolloServidor\DWES\UD2_AC3_Trabajandoconclases\jugarVideojuego.php on line 114
